16:15:08    16 -->                                                             [tcl] ucliGUI::connect -toolargs -ucligui -toolexe ./simv -pid 5981 -toolin /tmp/vcs_20191116081445_5979_asic_058..stdin -toolout /tmp/vcs_20191116081445_5979_asic_058..stdout  
16:15:08    17 -->                                                                 [tcl] set ucliGUI::state
16:15:08    18 -->                                                                     [tcl] gui_update_simulator_buttons
16:15:24    19 -->                                                                         [tcl] set ucliGUI::state
16:15:24    20 -->                                                                             [tcl] ucliCore::getToolPID
16:15:24    21 -->                                                                                 [tcl] synopsys::env hasTB
16:15:24    22 -->                                                                                     [tcl] trigger_hier_stack_context_switch 0
16:15:24    23 -->                                                                                         [tcl] synUtils::setDVEInitPhase 1
16:15:24    24 -->                                                                                             [tcl] gui_get_env SIMSETUP::SIMVPD
16:15:24    25 --> ...  [tcl] synopsys::dump -type VPD -file /public/home/bks/asic_058/Desktop/xy/demonstration/2_multi_pipeline_ok/multi_pipeline_4bit_ok/inter.vpd -locking
16:15:24    26 --> ...      [tcl] synopsys::dump -autoflush on -fid VPD0
16:15:24    27 --> ...          [tcl] set ::dve_fid VPD0
16:15:24    28 --> ...              [tcl] synUtils::setDVEInitPhase 0
16:15:24    29 --> ...                  [tcl] ucliCore::getToolPID
16:15:24    30 --> ...                      [tcl] synUtils::sendTool -active _icl_setToolSocket /tmp/smlnpVbtn3k
16:15:24    31 --> ...                          [tcl] synUtils::sendTool -active {_icl_start_rpc -version "L-2016.06-SP2_Full64" -sync_file /tmp/vcs_dve_rpc.asic_058.5981}
16:15:24    32 --> ...                              [tcl] synUtils::sendTool -active {_icl_createSharedMemory /tmp/vcs_dve_general.asic_058.5981}
16:15:24    33 --> ...                                  [tcl] dveMisc::vbusExpand Testbench
16:15:24    34 --> ...                                      [tcl] config endofsim noexit
16:15:24    35 --> ...                                          [tcl] config onfail enable all
16:15:24    36 --> ...                                              [tcl] config syscaddplainmembers
16:15:24    37 --> ...                                                  [tcl] config syscaddsourcenames
16:15:24    38 --> ...                                                      [tcl] config syscaddstructtypes
16:15:24    39 --> ...                                                          [tcl] synopsys::listing -disable
16:15:29    40 --> ...                                                              [tcl] synopsys::dump -add {Testbench} -scope "." -depth 1 -fid VPD0
16:15:30    41 --> ...                                                                  [tcl] synopsys::run
16:15:30    42 --> ...                                                                      [tcl] set ucliGUI::state
16:15:30    43 --> ...                                                                          [tcl] set ucliGUI::state
16:15:30    44 --> ...                                                                              [tcl] set ucliGUI::state
16:15:30    45 --> ...                                                                                  [tcl] set ucliGUI::state
16:15:30    46 --> ...                                                                                      [tcl] catch {senv activeDomain} dveMisc::result 
16:15:30    47 --> ...                                                                                          [tcl] set dveMisc::result
16:15:30    48 --> ...                                                                                              [tcl] gui_update_simulator_buttons
16:15:37    49 --> ...                                                                                                  [tcl] if [catch {gui_sim_terminate}] {gui_sim_terminate -kill}
16:15:37    50 --> ...  [tcl] synopsys::finish
16:15:37    51 --> ...      [tcl] set ucliGUI::state
16:15:37    52 --> ...          [tcl] set ucliGUI::state
16:15:37    53 --> ...              [tcl] catch {senv activeDomain} dveMisc::result 
16:15:37    54 --> ...                  [tcl] set dveMisc::result
16:15:37    55 --> ...                      [tcl] gui_update_simulator_buttons
16:15:38    56 --> ...                          [tcl] catch {senv activeDomain} dveMisc::result 
16:15:38    57 --> ...                              [tcl] set dveMisc::result
16:15:38    58 --> ...                                  [tcl] ucli_exit
