14:37:19    16 -->                                                             [tcl] ucliGUI::connect -toolargs -ucligui -toolexe ./simv -pid 3627 -toolin /tmp/vcs_20191117063706_3626_asic_058..stdin -toolout /tmp/vcs_20191117063706_3626_asic_058..stdout  
14:37:19    17 -->                                                                 [tcl] set ucliGUI::state
14:37:19    18 -->                                                                     [tcl] gui_update_simulator_buttons
14:37:26    19 -->                                                                         [tcl] set ucliGUI::state
14:37:26    20 -->                                                                             [tcl] ucliCore::getToolPID
14:37:26    21 -->                                                                                 [tcl] synopsys::env hasTB
14:37:26    22 -->                                                                                     [tcl] trigger_hier_stack_context_switch 0
14:37:26    23 -->                                                                                         [tcl] synUtils::setDVEInitPhase 1
14:37:26    24 -->                                                                                             [tcl] gui_get_env SIMSETUP::SIMVPD
14:37:26    25 --> ...  [tcl] synopsys::dump -type VPD -file /public/home/bks/asic_058/Desktop/xy/0.Demonstration/1_clock_gating_ok/inter.vpd -locking
14:37:26    26 --> ...      [tcl] synopsys::dump -autoflush on -fid VPD0
14:37:26    27 --> ...          [tcl] set ::dve_fid VPD0
14:37:26    28 --> ...              [tcl] synUtils::setDVEInitPhase 0
14:37:26    29 --> ...                  [tcl] ucliCore::getToolPID
14:37:26    30 --> ...                      [tcl] synUtils::sendTool -active _icl_setToolSocket /tmp/smlnpJ1IUyS
14:37:26    31 --> ...                          [tcl] synUtils::sendTool -active {_icl_start_rpc -version "L-2016.06-SP2_Full64" -sync_file /tmp/vcs_dve_rpc.asic_058.3627}
14:37:26    32 --> ...                              [tcl] synUtils::sendTool -active {_icl_createSharedMemory /tmp/vcs_dve_general.asic_058.3627}
14:37:26    33 --> ...                                  [tcl] dveMisc::vbusExpand Testbench
14:37:26    34 --> ...                                      [tcl] config endofsim noexit
14:37:26    35 --> ...                                          [tcl] config onfail enable all
14:37:26    36 --> ...                                              [tcl] config syscaddplainmembers
14:37:26    37 --> ...                                                  [tcl] config syscaddsourcenames
14:37:26    38 --> ...                                                      [tcl] config syscaddstructtypes
14:37:26    39 --> ...                                                          [tcl] synopsys::listing -disable
14:37:33    40 --> ...                                                              [tcl] synopsys::dump -add {Testbench} -scope "." -depth 1 -fid VPD0
14:37:34    41 --> ...                                                                  [tcl] synopsys::run
14:37:34    42 --> ...                                                                      [tcl] set ucliGUI::state
14:37:34    43 --> ...                                                                          [tcl] set ucliGUI::state
14:37:34    44 --> ...                                                                              [tcl] set ucliGUI::state
14:37:34    45 --> ...                                                                                  [tcl] set ucliGUI::state
14:37:34    46 --> ...                                                                                      [tcl] catch {senv activeDomain} dveMisc::result 
14:37:34    47 --> ...                                                                                          [tcl] set dveMisc::result
14:37:34    48 --> ...                                                                                              [tcl] gui_update_simulator_buttons
14:37:46    49 --> ...                                                                                                  [tcl] if [catch {gui_sim_terminate}] {gui_sim_terminate -kill}
14:37:46    50 --> ...  [tcl] synopsys::finish
14:37:46    51 --> ...      [tcl] set ucliGUI::state
14:37:46    52 --> ...          [tcl] set ucliGUI::state
14:37:46    53 --> ...              [tcl] catch {senv activeDomain} dveMisc::result 
14:37:46    54 --> ...                  [tcl] set dveMisc::result
14:37:46    55 --> ...                      [tcl] gui_update_simulator_buttons
14:37:46    56 --> ...                          [tcl] catch {senv activeDomain} dveMisc::result 
14:37:46    57 --> ...                              [tcl] set dveMisc::result
14:37:46    58 --> ...                                  [tcl] ucli_exit
