16:32:44    16 -->                                                             [tcl] ucliGUI::connect -toolargs -ucligui -toolexe ./simv -pid 24228 -toolin /tmp/vcs_20191116083231_24227_asic_058..stdin -toolout /tmp/vcs_20191116083231_24227_asic_058..stdout  
16:32:44    17 -->                                                                 [tcl] set ucliGUI::state
16:32:44    18 -->                                                                     [tcl] gui_update_simulator_buttons
16:32:50    19 -->                                                                         [tcl] set ucliGUI::state
16:32:50    20 -->                                                                             [tcl] ucliCore::getToolPID
16:32:50    21 -->                                                                                 [tcl] synopsys::env hasTB
16:32:50    22 -->                                                                                     [tcl] trigger_hier_stack_context_switch 0
16:32:50    23 -->                                                                                         [tcl] synUtils::setDVEInitPhase 1
16:32:50    24 -->                                                                                             [tcl] gui_get_env SIMSETUP::SIMVPD
16:32:50    25 --> ...  [tcl] synopsys::dump -type VPD -file /public/home/bks/asic_058/Desktop/xy/demonstration/3_isolation_wire_ok/operand_isolation_change3_operand_isollation/inter.vpd -locking
16:32:50    26 --> ...      [tcl] synopsys::dump -autoflush on -fid VPD0
16:32:50    27 --> ...          [tcl] set ::dve_fid VPD0
16:32:50    28 --> ...              [tcl] synUtils::setDVEInitPhase 0
16:32:50    29 --> ...                  [tcl] ucliCore::getToolPID
16:32:50    30 --> ...                      [tcl] synUtils::sendTool -active _icl_setToolSocket /tmp/smlnpTb03kq
16:32:50    31 --> ...                          [tcl] synUtils::sendTool -active {_icl_start_rpc -version "L-2016.06-SP2_Full64" -sync_file /tmp/vcs_dve_rpc.asic_058.24228}
16:32:51    32 --> ...                              [tcl] synUtils::sendTool -active {_icl_createSharedMemory /tmp/vcs_dve_general.asic_058.24228}
16:32:51    33 --> ...                                  [tcl] dveMisc::vbusExpand Testbench
16:32:51    34 --> ...                                      [tcl] config endofsim noexit
16:32:51    35 --> ...                                          [tcl] config onfail enable all
16:32:51    36 --> ...                                              [tcl] config syscaddplainmembers
16:32:51    37 --> ...                                                  [tcl] config syscaddsourcenames
16:32:51    38 --> ...                                                      [tcl] config syscaddstructtypes
16:32:51    39 --> ...                                                          [tcl] synopsys::listing -disable
16:35:35    40 --> ...                                                              [tcl] synopsys::dump -add {Testbench} -scope "." -depth 1 -fid VPD0
16:35:37    41 --> ...                                                                  [tcl] synopsys::run
16:35:37    42 --> ...                                                                      [tcl] set ucliGUI::state
16:35:37    43 --> ...                                                                          [tcl] set ucliGUI::state
16:35:37    44 --> ...                                                                              [tcl] set ucliGUI::state
16:35:38    45 --> ...                                                                                  [tcl] set ucliGUI::state
16:35:38    46 --> ...                                                                                      [tcl] catch {senv activeDomain} dveMisc::result 
16:35:38    47 --> ...                                                                                          [tcl] set dveMisc::result
16:35:38    48 --> ...                                                                                              [tcl] gui_update_simulator_buttons
16:35:43    49 --> ...                                                                                                  [tcl] ucliGUI::getSignalValues -scope Testbench -radix {decimal } -list {{out_tb[7:0]} }
16:35:51    50 --> ...  [tcl] if [catch {gui_sim_terminate}] {gui_sim_terminate -kill}
16:35:51    51 --> ...      [tcl] synopsys::finish
16:35:51    52 --> ...          [tcl] set ucliGUI::state
16:35:51    53 --> ...              [tcl] set ucliGUI::state
16:35:51    54 --> ...                  [tcl] catch {senv activeDomain} dveMisc::result 
16:35:51    55 --> ...                      [tcl] set dveMisc::result
16:35:51    56 --> ...                          [tcl] gui_update_simulator_buttons
16:35:51    57 --> ...                              [tcl] catch {senv activeDomain} dveMisc::result 
16:35:51    58 --> ...                                  [tcl] set dveMisc::result
16:35:51    59 --> ...                                      [tcl] ucli_exit
