set ucliGUI::state
set ucliGUI::state
ucliCore::getToolPID
synopsys::env hasTB
trigger_hier_stack_context_switch 0
synUtils::setDVEInitPhase 1
synopsys::dump -type VPD -file /public/home/bks/asic_058/Desktop/xy/0.Demonstration/2_multi_pipeline_ok/multi_common_none_pipeline_4bit/inter.vpd -locking
synopsys::dump -autoflush on -fid VPD0
set ::dve_fid VPD0
synUtils::setDVEInitPhase 0
ucliCore::getToolPID
synUtils::sendTool -active _icl_setToolSocket /tmp/smlnpOAuRTl
synUtils::sendTool -active {_icl_start_rpc -version "L-2016.06-SP2_Full64" -sync_file /tmp/vcs_dve_rpc.asic_058.9106}
synUtils::sendTool -active {_icl_createSharedMemory /tmp/vcs_dve_general.asic_058.9106}
config endofsim noexit
config onfail enable all
config syscaddplainmembers
config syscaddsourcenames
config syscaddstructtypes
synopsys::listing -disable
synopsys::dump -add {Testbench} -scope "." -depth 1 -fid VPD0
synopsys::run
set ucliGUI::state
set ucliGUI::state
set ucliGUI::state
set ucliGUI::state
ucliGUI::getSignalValues -scope Testbench -radix {decimal } -list {{result_tb[7:0]} }
if [catch {gui_sim_terminate}] {gui_sim_terminate -kill}
synopsys::finish
set ucliGUI::state
set ucliGUI::state
ucli_exit
