14:41:46    16 -->                                                             [tcl] ucliGUI::connect -toolargs -ucligui -toolexe ./simv -pid 9106 -toolin /tmp/vcs_20191117064133_9105_asic_058..stdin -toolout /tmp/vcs_20191117064133_9105_asic_058..stdout  
14:41:46    17 -->                                                                 [tcl] set ucliGUI::state
14:41:46    18 -->                                                                     [tcl] gui_update_simulator_buttons
14:41:48    19 -->                                                                         [tcl] set ucliGUI::state
14:41:48    20 -->                                                                             [tcl] ucliCore::getToolPID
14:41:48    21 -->                                                                                 [tcl] synopsys::env hasTB
14:41:48    22 -->                                                                                     [tcl] trigger_hier_stack_context_switch 0
14:41:48    23 -->                                                                                         [tcl] synUtils::setDVEInitPhase 1
14:41:48    24 -->                                                                                             [tcl] gui_get_env SIMSETUP::SIMVPD
14:41:48    25 --> ...  [tcl] synopsys::dump -type VPD -file /public/home/bks/asic_058/Desktop/xy/0.Demonstration/2_multi_pipeline_ok/multi_common_none_pipeline_4bit/inter.vpd -locking
14:41:48    26 --> ...      [tcl] synopsys::dump -autoflush on -fid VPD0
14:41:48    27 --> ...          [tcl] set ::dve_fid VPD0
14:41:48    28 --> ...              [tcl] synUtils::setDVEInitPhase 0
14:41:48    29 --> ...                  [tcl] ucliCore::getToolPID
14:41:48    30 --> ...                      [tcl] synUtils::sendTool -active _icl_setToolSocket /tmp/smlnpOAuRTl
14:41:48    31 --> ...                          [tcl] synUtils::sendTool -active {_icl_start_rpc -version "L-2016.06-SP2_Full64" -sync_file /tmp/vcs_dve_rpc.asic_058.9106}
14:41:48    32 --> ...                              [tcl] synUtils::sendTool -active {_icl_createSharedMemory /tmp/vcs_dve_general.asic_058.9106}
14:41:48    33 --> ...                                  [tcl] dveMisc::vbusExpand Testbench
14:41:48    34 --> ...                                      [tcl] config endofsim noexit
14:41:48    35 --> ...                                          [tcl] config onfail enable all
14:41:48    36 --> ...                                              [tcl] config syscaddplainmembers
14:41:48    37 --> ...                                                  [tcl] config syscaddsourcenames
14:41:48    38 --> ...                                                      [tcl] config syscaddstructtypes
14:41:48    39 --> ...                                                          [tcl] synopsys::listing -disable
14:41:51    40 --> ...                                                              [tcl] synopsys::dump -add {Testbench} -scope "." -depth 1 -fid VPD0
14:41:52    41 --> ...                                                                  [tcl] synopsys::run
14:41:52    42 --> ...                                                                      [tcl] set ucliGUI::state
14:41:52    43 --> ...                                                                          [tcl] set ucliGUI::state
14:41:52    44 --> ...                                                                              [tcl] set ucliGUI::state
14:41:52    45 --> ...                                                                                  [tcl] set ucliGUI::state
14:41:52    46 --> ...                                                                                      [tcl] catch {senv activeDomain} dveMisc::result 
14:41:52    47 --> ...                                                                                          [tcl] set dveMisc::result
14:41:52    48 --> ...                                                                                              [tcl] gui_update_simulator_buttons
14:41:57    49 --> ...                                                                                                  [tcl] ucliGUI::getSignalValues -scope Testbench -radix {decimal } -list {{result_tb[7:0]} }
14:42:25    50 --> ...  [tcl] if [catch {gui_sim_terminate}] {gui_sim_terminate -kill}
14:42:25    51 --> ...      [tcl] synopsys::finish
14:42:25    52 --> ...          [tcl] set ucliGUI::state
14:42:25    53 --> ...              [tcl] set ucliGUI::state
14:42:25    54 --> ...                  [tcl] catch {senv activeDomain} dveMisc::result 
14:42:25    55 --> ...                      [tcl] set dveMisc::result
14:42:25    56 --> ...                          [tcl] gui_update_simulator_buttons
14:42:25    57 --> ...                              [tcl] catch {senv activeDomain} dveMisc::result 
14:42:25    58 --> ...                                  [tcl] set dveMisc::result
14:42:25    59 --> ...                                      [tcl] ucli_exit
