# Preference setting overrides
gui_create_pref_key -category {Globals} -key {load_detail_for_funcov} -value_type {bool} -value {false}
gui_create_pref_category -category {schem_obj_name}
gui_create_pref_key -category {schem_obj_name} -key {show_cell_and_pin_with_symbol_name} -value_type {bool} -value {false}
gui_create_pref_key -category {schem_pin_hc} -key {textExtFont} -value_type {string} -value {Helvetica,10,-1,5,50,0,0,0,0,0}

# State setting overrides
gui_state_default_create -off -ini
gui_set_state_value -category Globals -key recent_databases -value {{gui_open_db -file vcdplus.vpd} {gui_open_db -file /public/home/bks/asic_058/Desktop/xy/DC_tutorial/lab01_instroduction/vcdplus.vpd -design V1} {gui_open_db -file inter.vpd} {gui_open_db -file /public/home/bks/asic_058/Desktop/xy/src_files/VCS_labs/lab1/parta/inter.vpd -design V1}}
gui_set_state_value -category Globals -key recent_sessions -value {{gui_load_session -ignore_errors -file /public/home/bks/asic_058/Desktop/xy/2.test_upf_backup_for_dc_step/DVEfiles/dve_checkpoint_17051_1.tcl}}
gui_set_state_value -category Layout -key child_console_size_x -value 1833
gui_set_state_value -category Layout -key child_console_size_y -value 251
gui_set_state_value -category Layout -key child_data_coltype -value 116
gui_set_state_value -category Layout -key child_data_colvalue -value 131
gui_set_state_value -category Layout -key child_data_colvariable -value 213
gui_set_state_value -category Layout -key child_data_size_x -value 304
gui_set_state_value -category Layout -key child_data_size_y -value 565
gui_set_state_value -category Layout -key child_driver_size_x -value 1646
gui_set_state_value -category Layout -key child_driver_size_y -value 409
gui_set_state_value -category Layout -key child_hier_col3 -value {-1}
gui_set_state_value -category Layout -key child_hier_colhier -value 182
gui_set_state_value -category Layout -key child_hier_colpd -value 0
gui_set_state_value -category Layout -key child_hier_size_x -value 216
gui_set_state_value -category Layout -key child_hier_size_y -value 565
gui_set_state_value -category Layout -key child_schematic_docknewline -value false
gui_set_state_value -category Layout -key child_schematic_pos_x -value {-2}
gui_set_state_value -category Layout -key child_schematic_pos_y -value {-15}
gui_set_state_value -category Layout -key child_schematic_size_x -value 1406
gui_set_state_value -category Layout -key child_schematic_size_y -value 560
gui_set_state_value -category Layout -key child_source_docknewline -value false
gui_set_state_value -category Layout -key child_source_pos_x -value {-2}
gui_set_state_value -category Layout -key child_source_pos_y -value {-15}
gui_set_state_value -category Layout -key child_source_size_x -value 1316
gui_set_state_value -category Layout -key child_source_size_y -value 560
gui_set_state_value -category Layout -key child_wave_colname -value 247
gui_set_state_value -category Layout -key child_wave_colvalue -value 247
gui_set_state_value -category Layout -key child_wave_left -value 498
gui_set_state_value -category Layout -key child_wave_right -value 1216
gui_set_state_value -category Layout -key main_pos_x -value 2
gui_set_state_value -category Layout -key main_pos_y -value 135
gui_set_state_value -category Layout -key main_size_x -value 1835
gui_set_state_value -category Layout -key main_size_y -value 1050
gui_set_state_value -category Layout -key stand_wave_child_docknewline -value false
gui_set_state_value -category Layout -key stand_wave_child_pos_x -value {-2}
gui_set_state_value -category Layout -key stand_wave_child_pos_y -value {-15}
gui_set_state_value -category Layout -key stand_wave_child_size_x -value 1724
gui_set_state_value -category Layout -key stand_wave_child_size_y -value 753
gui_set_state_value -category Layout -key stand_wave_top_pos_x -value 198
gui_set_state_value -category Layout -key stand_wave_top_pos_y -value 193
gui_set_state_value -category Layout -key stand_wave_top_size_x -value 1917
gui_set_state_value -category Layout -key stand_wave_top_size_y -value 1050
gui_create_state_key -category FindDialog -key m_pMatchCase -value_type bool -value false
gui_create_state_key -category FindDialog -key m_pMatchWord -value_type bool -value false
gui_create_state_key -category FindDialog -key m_pUseCombo -value_type string -value {}
gui_create_state_key -category FindDialog -key m_pWrapAround -value_type bool -value true
gui_state_default_create -off

# Begin command logging
gui_sim_run Ucli -exe ./simv -args {-ucligui  } -dir .
gui_open_window Wave
gui_list_add -id Wave.1 -from Hier.1 { Testbench } -insertionbar
gui_sim_continue  
gui_zoom -window Wave.1 -full
gui_list_select -id Wave.1 -selected  { {Testbench.result_tb[7:0]}   }
gui_list_set_selected_property -id Wave.1 -radix decimal
gui_close_window -window TopLevel.2
